<?xml version="1.0" encoding="UTF-8"?>
<!-- Generated by org.testng.reporters.JUnitXMLReporter -->
<testsuite ignored="2" hostname="DESKTOP-8MBRH86" failures="0" tests="12" name="Test" time="11.37" errors="0" timestamp="2023-02-08T13:42:56 BDT">
  <testcase classname="Tasks.task2" name="@BeforeMethod setBaseurl" time="0.248">
    <failure type="org.openqa.selenium.WebDriverException" message="target frame detached
  (failed to check if window was closed: disconnected: Unable to receive message from renderer)
  (Session info: chrome=109.0.5414.120)
Build info: version: &amp;apos;4.7.2&amp;apos;, revision: &amp;apos;4d4020c3b7&amp;apos;
System info: os.name: &amp;apos;Windows 10&amp;apos;, os.arch: &amp;apos;amd64&amp;apos;, os.version: &amp;apos;10.0&amp;apos;, java.version: &amp;apos;17.0.3&amp;apos;
Driver info: org.openqa.selenium.chrome.ChromeDriver
Command: [779f7d8138ccb1f70325919e53f67978, get {url=https://automationtesting.co.uk/contactForm.html}]
Capabilities {acceptInsecureCerts: false, browserName: chrome, browserVersion: 109.0.5414.120, chrome: {chromedriverVersion: 108.0.5359.71 (1e0e3868ee06..., userDataDir: C:\Users\Asus\AppData\Local...}, goog:chromeOptions: {debuggerAddress: localhost:57861}, networkConnectionEnabled: false, pageLoadStrategy: normal, platformName: WINDOWS, proxy: Proxy(), se:cdp: ws://localhost:57861/devtoo..., se:cdpVersion: 109.0.5414.120, setWindowRect: true, strictFileInteractability: false, timeouts: {implicit: 0, pageLoad: 300000, script: 30000}, unhandledPromptBehavior: dismiss and notify, webauthn:extension:credBlob: true, webauthn:extension:largeBlob: true, webauthn:virtualAuthenticators: true}
Session ID: 779f7d8138ccb1f70325919e53f67978">
      <![CDATA[org.openqa.selenium.WebDriverException: target frame detached
  (failed to check if window was closed: disconnected: Unable to receive message from renderer)
  (Session info: chrome=109.0.5414.120)
Build info: version: '4.7.2', revision: '4d4020c3b7'
System info: os.name: 'Windows 10', os.arch: 'amd64', os.version: '10.0', java.version: '17.0.3'
Driver info: org.openqa.selenium.chrome.ChromeDriver
Command: [779f7d8138ccb1f70325919e53f67978, get {url=https://automationtesting.co.uk/contactForm.html}]
Capabilities {acceptInsecureCerts: false, browserName: chrome, browserVersion: 109.0.5414.120, chrome: {chromedriverVersion: 108.0.5359.71 (1e0e3868ee06..., userDataDir: C:\Users\Asus\AppData\Local...}, goog:chromeOptions: {debuggerAddress: localhost:57861}, networkConnectionEnabled: false, pageLoadStrategy: normal, platformName: WINDOWS, proxy: Proxy(), se:cdp: ws://localhost:57861/devtoo..., se:cdpVersion: 109.0.5414.120, setWindowRect: true, strictFileInteractability: false, timeouts: {implicit: 0, pageLoad: 300000, script: 30000}, unhandledPromptBehavior: dismiss and notify, webauthn:extension:credBlob: true, webauthn:extension:largeBlob: true, webauthn:virtualAuthenticators: true}
Session ID: 779f7d8138ccb1f70325919e53f67978
at org.openqa.selenium.remote.codec.w3c.W3CHttpResponseCodec.createException(W3CHttpResponseCodec.java:200)
at org.openqa.selenium.remote.codec.w3c.W3CHttpResponseCodec.decode(W3CHttpResponseCodec.java:133)
at org.openqa.selenium.remote.codec.w3c.W3CHttpResponseCodec.decode(W3CHttpResponseCodec.java:53)
at org.openqa.selenium.remote.HttpCommandExecutor.execute(HttpCommandExecutor.java:184)
at org.openqa.selenium.remote.service.DriverCommandExecutor.invokeExecute(DriverCommandExecutor.java:167)
at org.openqa.selenium.remote.service.DriverCommandExecutor.execute(DriverCommandExecutor.java:142)
at org.openqa.selenium.remote.RemoteWebDriver.execute(RemoteWebDriver.java:535)
at org.openqa.selenium.remote.RemoteWebDriver.get(RemoteWebDriver.java:296)
at Tasks.task2.setBaseurl(task2.java:17)
at java.base/java.util.ArrayList.forEach(ArrayList.java:1511)
... Removed 36 stack frames]]>
    </failure>
  </testcase> <!-- @BeforeMethod setBaseurl -->
  <testcase classname="Tasks.task2" name="@AfterMethod LastName" time="0.0">
    <skipped/>
  </testcase> <!-- @AfterMethod LastName -->
  <testcase classname="Tasks.task" name="setBaseurl" time="2.581"/>
  <testcase classname="Tasks.task" name="EmailAddress" time="0.182"/>
  <testcase classname="Tasks.task" name="Comments" time="0.136"/>
  <testcase classname="Tasks.task" name="FirstName" time="0.134"/>
  <testcase classname="Tasks.task" name="LastName" time="0.173"/>
  <testcase classname="NEW.today" name="todaytest2nd" time="0.003"/>
  <testcase classname="Tasks.task1" name="Comments" time="0.143"/>
  <testcase classname="Tasks.task1" name="FirstName" time="0.324"/>
  <testcase classname="Tasks.task1" name="LastName" time="0.153"/>
  <testcase classname="Tasks.task2" name="EmailAddress" time="0.24"/>
  <testcase classname="Tasks.task2" name="Comments" time="0.126"/>
  <testcase classname="Tasks.task2" name="FirstName" time="0.0">
    <skipped/>
  </testcase> <!-- FirstName -->
  <testcase classname="NEW.today" name="todaytest1st" time="0.0">
    <ignored/>
  </testcase> <!-- todaytest1st -->
  <testcase classname="NEW.today" name="todaytest3rd" time="0.0">
    <ignored/>
  </testcase> <!-- todaytest3rd -->
</testsuite> <!-- Test -->
